11-08-2023 21:47:06	This log contains information about the import schema operation into project 'AdventureWorks' on computer 'LAPTOP-KLOUHN8P' by user 'Anuj'.
11-08-2023 21:47:07	Import of database schema has started.
11-08-2023 21:47:07	Gathering database credentials
11-08-2023 21:47:07	Gathering database options
11-08-2023 21:47:07	Gathering generic database scoped configuration option
11-08-2023 21:47:07	Gathering users
11-08-2023 21:47:07	Gathering roles
11-08-2023 21:47:07	Gathering application roles
11-08-2023 21:47:07	Gathering role memberships
11-08-2023 21:47:07	Gathering filegroups
11-08-2023 21:47:07	Gathering full-text catalogs
11-08-2023 21:47:07	Gathering assemblies
11-08-2023 21:47:07	Gathering certificates
11-08-2023 21:47:07	Gathering asymmetric keys
11-08-2023 21:47:07	Gathering symmetric keys
11-08-2023 21:47:07	Gathering encrypted symmetric keys
11-08-2023 21:47:07	Gathering schemas
11-08-2023 21:47:07	Gathering XML schema collections
11-08-2023 21:47:07	Gathering user-defined data types
11-08-2023 21:47:07	Gathering user-defined types
11-08-2023 21:47:07	Gathering table types
11-08-2023 21:47:07	Gathering unique keys for table types
11-08-2023 21:47:07	Gathering primary keys for table types
11-08-2023 21:47:07	Gathering indexes for table types
11-08-2023 21:47:07	Gathering check constraints for table types
11-08-2023 21:47:07	Gathering default constraints for table types
11-08-2023 21:47:07	Gathering partition functions
11-08-2023 21:47:07	Gathering partition schemes
11-08-2023 21:47:07	Gathering functions
11-08-2023 21:47:07	Gathering encrypted functions
11-08-2023 21:47:07	Gathering aggregates
11-08-2023 21:47:07	Gathering procedures
11-08-2023 21:47:07	Gathering encrypted procedures
11-08-2023 21:47:07	Gathering tables
11-08-2023 21:47:07	Gathering primary keys
11-08-2023 21:47:07	Gathering unique constraints
11-08-2023 21:47:07	Gathering foreign keys
11-08-2023 21:47:07	Gathering default constraints
11-08-2023 21:47:07	Gathering check constraints
11-08-2023 21:47:07	Gathering views
11-08-2023 21:47:07	Gathering encrypted views
11-08-2023 21:47:07	Gathering indexes
11-08-2023 21:47:07	Gathering statistics
11-08-2023 21:47:07	Gathering full-text index stoplists
11-08-2023 21:47:07	Gathering search property lists
11-08-2023 21:47:07	Gathering search properties
11-08-2023 21:47:07	Gathering full-text indexes
11-08-2023 21:47:07	Gathering column store indexes
11-08-2023 21:47:07	Gathering spatial indexes
11-08-2023 21:47:07	Gathering XML indexes
11-08-2023 21:47:07	Gathering Selective XML indexes
11-08-2023 21:47:07	Gathering encrypted triggers
11-08-2023 21:47:07	Gathering triggers
11-08-2023 21:47:07	Gathering encrypted and clr ddl triggers
11-08-2023 21:47:07	Gathering ddl triggers
11-08-2023 21:47:07	Creating edge constraints
11-08-2023 21:47:07	Gathering synonyms
11-08-2023 21:47:07	Gathering defaults
11-08-2023 21:47:07	Gathering data constraint uddt bindings
11-08-2023 21:47:07	Gathering rules
11-08-2023 21:47:07	Gathering data constraint uddt bindings
11-08-2023 21:47:07	Gathering message types
11-08-2023 21:47:07	Gathering queues
11-08-2023 21:47:07	Gathering contracts
11-08-2023 21:47:07	Gathering services
11-08-2023 21:47:07	Gathering event notifications
11-08-2023 21:47:07	Gathering remote service bindings
11-08-2023 21:47:07	Gathering broker priorities
11-08-2023 21:47:07	Gathering signatures
11-08-2023 21:47:07	Gathering compression options
11-08-2023 21:47:07	Gathering sequence types
11-08-2023 21:47:07	Gathering security policies
11-08-2023 21:47:07	Gather column encryption keys
11-08-2023 21:47:07	Gathering column master keys
11-08-2023 21:47:07	Gathering external data sources
11-08-2023 21:47:07	Gathering external file formats
11-08-2023 21:47:07	Gathering external tables
11-08-2023 21:47:07	Gathering XML index compression options
11-08-2023 21:47:07	Gathering database permissions
11-08-2023 21:47:07	Gathering extended properties
11-08-2023 21:47:08	Gathering assemblies
11-08-2023 21:47:08	Gathering credentials
11-08-2023 21:47:08	Gathering logins
11-08-2023 21:47:08	Gathering server audits
11-08-2023 21:47:09	Scanning project for duplicate elements
11-08-2023 21:47:10	Finished duplicate element processing
11-08-2023 21:47:14	Finished importing database.
11-08-2023 21:47:14	A summary of the import was saved to the following location: C:\DB\AdventureWorks2022\AdventureWorks\Import Schema Logs\AdventureWorks_20230811041706.log
11-08-2023 21:47:14	Click Finish to continue...
